p/c, iter, r∞, r₂, ω
p, 0, 3.9359503, 774.077, 1.0
, 1, 0.37976503, 3.7603583, 1.0
, 2, 0.017062187, 0.019742215, 1.0
, 3, 0.0014813468, 0.00019138573, 1.0
, 4, 0.0001637796, 2.3491505e-6, 1.0
c, 0, 1.6629903, 28.682444, 1.0
, 1, 0.049427465, 0.046646878, 1.0
, 2, 0.0023256317, 0.00017820438, 1.0
, 3, 0.00014920859, 1.436804e-6, 1.0
p, 0, 1.2470758, 73.51279, 1.0
, 1, 0.107384086, 0.3158019, 1.0
, 2, 0.0050682127, 0.0016089395, 1.0
, 3, 0.00042547565, 1.5604235e-5, 1.0
c, 0, 0.24229038, 0.833749, 1.0
, 1, 0.0054915696, 0.0004418306, 1.0
, 2, 0.000119618606, 2.6930155e-7, 1.0
p, 0, 0.312254, 1.7860464, 1.0
, 1, 0.011075143, 0.0017690082, 1.0
, 2, 0.00019583385, 2.359275e-6, 1.0
c, 0, 0.13856612, 0.27607083, 1.0
, 1, 0.0033304319, 0.00015384513, 1.0
, 2, 8.4195286e-5, 1.0174728e-7, 1.0
p, 0, 0.14328128, 0.34697846, 1.0
, 1, 0.0050492627, 0.00028663367, 1.0
, 2, 9.191199e-5, 3.232431e-7, 1.0
c, 0, 0.15961583, 0.31277734, 1.0
, 1, 0.0040881787, 0.00024582064, 1.0
, 2, 0.000112210866, 2.2451847e-7, 1.0
p, 0, 0.139319, 0.18397856, 1.0
, 1, 0.0036288872, 0.00012154656, 1.0
, 2, 8.235825e-5, 1.1034083e-7, 1.0
c, 0, 0.1334168, 0.2156929, 1.0
, 1, 0.0030931095, 0.00016068327, 1.0
, 2, 0.000120576005, 1.3013504e-7, 1.0
p, 0, 0.11443782, 0.1322233, 1.0
, 1, 0.0028181747, 9.399817e-5, 1.0
c, 0, 0.12357175, 0.19964963, 1.0
, 1, 0.0040219165, 0.00013360016, 1.0
, 2, 6.659096e-5, 9.889182e-8, 1.0
p, 0, 0.1464343, 0.22582625, 1.0
, 1, 0.0057762936, 0.00019936339, 1.0
, 2, 0.00010227715, 1.6778368e-7, 1.0
c, 0, 0.1623292, 0.23362987, 1.0
, 1, 0.004489951, 0.00016549953, 1.0
, 2, 6.3410145e-5, 1.0155416e-7, 1.0
p, 0, 0.14360976, 0.10584479, 1.0
, 1, 0.0024229642, 6.552214e-5, 1.0
c, 0, 0.122695506, 0.1801687, 1.0
, 1, 0.003022842, 0.00013952641, 1.0
, 2, 8.083711e-5, 1.1973603e-7, 1.0
p, 0, 0.1296997, 0.18870142, 1.0
, 1, 0.0044687055, 0.00016691913, 1.0
, 2, 9.066705e-5, 9.487743e-8, 1.0
c, 0, 0.07102829, 0.10030964, 1.0
, 1, 0.0015271371, 7.095428e-5, 1.0
p, 0, 0.11510867, 0.20713638, 1.0
, 1, 0.0021643583, 7.992818e-5, 1.0
c, 0, 0.08704239, 0.1045424, 1.0
, 1, 0.002908375, 7.654368e-5, 1.0
p, 0, 0.09027469, 0.11134474, 1.0
, 1, 0.0033793412, 8.449703e-5, 1.0
c, 0, 0.11030322, 0.100773305, 1.0
, 1, 0.0024114102, 6.106449e-5, 1.0
p, 0, 0.0801915, 0.07136401, 1.0
, 1, 0.0033496711, 5.7809364e-5, 1.0
c, 0, 0.06976196, 0.07593394, 1.0
, 1, 0.00235169, 5.093593e-5, 1.0
p, 0, 0.123241924, 0.12601523, 1.0
, 1, 0.004986927, 0.00012398683, 1.0
, 2, 9.986339e-5, 7.94044e-8, 1.0
c, 0, 0.06600982, 0.06748528, 1.0
, 1, 0.0023588892, 5.6000397e-5, 1.0
p, 0, 0.12865216, 0.13203788, 1.0
, 1, 0.0051649623, 0.00013561721, 1.0
, 2, 0.00010495889, 9.436582e-8, 1.0
c, 0, 0.07165676, 0.06768582, 1.0
, 1, 0.002278177, 4.3057902e-5, 1.0
p, 0, 0.11105284, 0.11361185, 1.0
, 1, 0.0043070763, 0.00011312647, 1.0
, 2, 8.754991e-5, 7.520956e-8, 1.0
c, 0, 0.06934555, 0.068923205, 1.0
, 1, 0.001920959, 4.9630216e-5, 1.0
p, 0, 0.09714675, 0.10182441, 1.0
, 1, 0.003950976, 9.491975e-5, 1.0
c, 0, 0.052137017, 0.043128207, 1.0
, 1, 0.0016449708, 3.1993135e-5, 1.0
p, 0, 0.08577665, 0.055167373, 1.0
, 1, 0.0032736287, 4.4292872e-5, 1.0
c, 0, 0.041775733, 0.027208371, 1.0
, 1, 0.0014837449, 1.5522597e-5, 1.0
p, 0, 0.07544127, 0.042217135, 1.0
, 1, 0.0029528812, 3.4567394e-5, 1.0
c, 0, 0.04562497, 0.034631588, 1.0
, 1, 0.0014028447, 2.1521579e-5, 1.0
p, 0, 0.08652449, 0.064688295, 1.0
, 1, 0.0026529562, 4.5038603e-5, 1.0
c, 0, 0.05647987, 0.038319036, 1.0
, 1, 0.0014467202, 3.9946244e-5, 1.0
p, 0, 0.06283368, 0.03386717, 1.0
, 1, 0.002463717, 2.8008157e-5, 1.0
c, 0, 0.03908789, 0.021267466, 1.0
, 1, 0.0014687739, 2.4085548e-5, 1.0
p, 0, 0.05799228, 0.02349349, 1.0
, 1, 0.002240602, 2.0212898e-5, 1.0
c, 0, 0.049523115, 0.029507972, 1.0
, 1, 0.0015136003, 1.9140536e-5, 1.0
p, 0, 0.06761944, 0.028395917, 1.0
, 1, 0.0022761058, 2.239949e-5, 1.0
c, 0, 0.031615213, 0.013806086, 1.0
, 1, 0.0010139178, 9.236541e-6, 1.0
p, 0, 0.055528343, 0.017932331, 1.0
, 1, 0.0018002335, 1.4177094e-5, 1.0
c, 0, 0.03841114, 0.01579212, 1.0
, 1, 0.0009117229, 1.097417e-5, 1.0
p, 0, 0.052936614, 0.01899141, 1.0
, 1, 0.0016196687, 1.3610273e-5, 1.0
c, 0, 0.0265892, 0.011191398, 1.0
, 1, 0.0007645674, 8.300334e-6, 1.0
p, 0, 0.04780227, 0.021327179, 1.0
, 1, 0.0013630353, 1.4767151e-5, 1.0
c, 0, 0.036766887, 0.015971774, 1.0
, 1, 0.0007989807, 1.0399308e-5, 1.0
p, 0, 0.04808116, 0.02511953, 1.0
, 1, 0.0011796504, 1.8342436e-5, 1.0
c, 0, 0.03297019, 0.017997706, 1.0
, 1, 0.0011729645, 1.7682682e-5, 1.0
p, 0, 0.047353067, 0.019086111, 1.0
, 1, 0.0012945663, 1.291445e-5, 1.0
c, 0, 0.026385903, 0.0117921205, 1.0
, 1, 0.0006570332, 8.727619e-6, 1.0
p, 0, 0.050154023, 0.016238362, 1.0
, 1, 0.0013402887, 1.0176718e-5, 1.0
c, 0, 0.027884007, 0.014220169, 1.0
, 1, 0.0008447459, 9.892489e-6, 1.0
p, 0, 0.05224453, 0.023037398, 1.0
, 1, 0.0013407823, 1.2953119e-5, 1.0
c, 0, 0.027918428, 0.012154875, 1.0
, 1, 0.0006776769, 6.9581006e-6, 1.0
p, 0, 0.05389259, 0.02106684, 1.0
, 1, 0.0013891328, 1.1192792e-5, 1.0
c, 0, 0.027540453, 0.011200831, 1.0
, 1, 0.00070171803, 6.73685e-6, 1.0
p, 0, 0.0553241, 0.022623373, 1.0
, 1, 0.0014329366, 1.3589296e-5, 1.0
c, 0, 0.02832923, 0.0098117115, 1.0
, 1, 0.00072460435, 5.910181e-6, 1.0
p, 0, 0.056906886, 0.024013901, 1.0
, 1, 0.0014748182, 1.5105751e-5, 1.0
c, 0, 0.03249654, 0.012447914, 1.0
, 1, 0.0007450823, 7.5735215e-6, 1.0
p, 0, 0.058385335, 0.02460086, 1.0
, 1, 0.001512574, 1.5401267e-5, 1.0
c, 0, 0.029753111, 0.013139552, 1.0
, 1, 0.0008655209, 1.2456491e-5, 1.0
p, 0, 0.059743337, 0.024865562, 1.0
, 1, 0.0015471727, 1.5560094e-5, 1.0
c, 0, 0.031761765, 0.0134865455, 1.0
, 1, 0.00078311935, 1.2067827e-5, 1.0
p, 0, 0.06099478, 0.023472186, 1.0
, 1, 0.0015823897, 1.4612235e-5, 1.0
c, 0, 0.030976363, 0.011676741, 1.0
, 1, 0.0008004261, 9.88827e-6, 1.0
p, 0, 0.06221953, 0.02547656, 1.0
, 1, 0.0016153343, 1.60168e-5, 1.0
c, 0, 0.031569958, 0.013778539, 1.0
, 1, 0.0008161906, 7.2448956e-6, 1.0
p, 0, 0.06335602, 0.02539237, 1.0
, 1, 0.0016452819, 1.5618261e-5, 1.0
c, 0, 0.032085344, 0.010894079, 1.0
, 1, 0.0008304613, 7.925531e-6, 1.0
p, 0, 0.06441957, 0.027850697, 1.0
, 1, 0.001672944, 1.8162267e-5, 1.0
c, 0, 0.032583714, 0.011042643, 1.0
, 1, 0.0008434495, 7.1970258e-6, 1.0
p, 0, 0.06539598, 0.026494028, 1.0
, 1, 0.0016988646, 1.6624917e-5, 1.0
c, 0, 0.03304872, 0.010906862, 1.0
, 1, 0.0008560922, 6.822686e-6, 1.0
p, 0, 0.06630449, 0.028735446, 1.0
, 1, 0.0017214175, 1.7280961e-5, 1.0
c, 0, 0.03347651, 0.015808688, 1.0
, 1, 0.00086717587, 1.1381282e-5, 1.0
p, 0, 0.06713862, 0.035964757, 1.0
, 1, 0.0017416514, 2.2960165e-5, 1.0
c, 0, 0.033872895, 0.014688023, 1.0
, 1, 0.000877128, 1.2683963e-5, 1.0
p, 0, 0.06791405, 0.02899166, 1.0
, 1, 0.0017623063, 1.7314183e-5, 1.0
c, 0, 0.034246296, 0.010414596, 1.0
, 1, 0.00088728033, 7.017171e-6, 1.0
p, 0, 0.068646304, 0.028201984, 1.0
, 1, 0.0017819777, 1.7165417e-5, 1.0
c, 0, 0.034589946, 0.0123005975, 1.0
, 1, 0.00089639705, 8.2203605e-6, 1.0
p, 0, 0.069316454, 0.029943718, 1.0
, 1, 0.0017995145, 1.8090921e-5, 1.0
c, 0, 0.03491301, 0.009995686, 1.0
, 1, 0.00090463646, 6.3727452e-6, 1.0
p, 0, 0.06995031, 0.030751886, 1.0
, 1, 0.0018156674, 1.9246065e-5, 1.0
c, 0, 0.035214283, 0.010051875, 1.0
, 1, 0.0009125145, 6.7467877e-6, 1.0
p, 0, 0.070541315, 0.029826436, 1.0
, 1, 0.0018308461, 1.8214347e-5, 1.0
c, 0, 0.035498194, 0.010953192, 1.0
, 1, 0.0009198487, 7.5167136e-6, 1.0
p, 0, 0.07109975, 0.031667337, 1.0
, 1, 0.0018453021, 1.9600895e-5, 1.0
c, 0, 0.0357645, 0.012556804, 1.0
, 1, 0.00092668366, 9.097282e-6, 1.0
p, 0, 0.071622476, 0.031772297, 1.0
, 1, 0.0018587057, 1.9346562e-5, 1.0
c, 0, 0.03602086, 0.013586611, 1.0
, 1, 0.0009333566, 1.0939316e-5, 1.0
p, 0, 0.07212757, 0.031073865, 1.0
, 1, 0.0018716678, 1.8859982e-5, 1.0
c, 0, 0.036263064, 0.011427663, 1.0
, 1, 0.0009411741, 8.091608e-6, 1.0
p, 0, 0.07260382, 0.03192373, 1.0
, 1, 0.0018868819, 1.9470759e-5, 1.0
c, 0, 0.036494493, 0.012329515, 1.0
, 1, 0.00095256884, 8.420399e-6, 1.0
p, 0, 0.073053725, 0.03453276, 1.0
, 1, 0.0019039512, 2.2052849e-5, 1.0
c, 0, 0.03671681, 0.011346554, 1.0
, 1, 0.00095990114, 7.4707564e-6, 1.0
p, 0, 0.07349677, 0.031505458, 1.0
, 1, 0.0019160453, 1.9271482e-5, 1.0
c, 0, 0.03693615, 0.01017463, 1.0
, 1, 0.00096546113, 6.805518e-6, 1.0
p, 0, 0.07393141, 0.033447426, 1.0
, 1, 0.0019273199, 2.0614023e-5, 1.0
c, 0, 0.037147984, 0.010690613, 1.0
, 1, 0.00097087957, 7.040175e-6, 1.0
p, 0, 0.074351355, 0.033440847, 1.0
, 1, 0.0019382592, 2.0747948e-5, 1.0
c, 0, 0.037353553, 0.013743919, 1.0
, 1, 0.0009761546, 7.5711996e-6, 1.0
p, 0, 0.07475826, 0.03517977, 1.0
, 1, 0.0019488223, 2.1639209e-5, 1.0
c, 0, 0.037556015, 0.013025108, 1.0
, 1, 0.0009811744, 9.948172e-6, 1.0
p, 0, 0.075161956, 0.033027392, 1.0
, 1, 0.0019591283, 2.0316664e-5, 1.0
c, 0, 0.03775487, 0.011577158, 1.0
, 1, 0.0009862902, 8.382388e-6, 1.0
p, 0, 0.075557366, 0.034338236, 1.0
, 1, 0.001969397, 2.1163398e-5, 1.0
c, 0, 0.037950285, 0.0109822275, 1.0
, 1, 0.0009911964, 7.036349e-6, 1.0
p, 0, 0.07594644, 0.034963906, 1.0
, 1, 0.0019793753, 2.160317e-5, 1.0
c, 0, 0.038143605, 0.011321663, 1.0
, 1, 0.0009961184, 7.772833e-6, 1.0
p, 0, 0.076331824, 0.034342002, 1.0
, 1, 0.0019893702, 2.1108672e-5, 1.0
c, 0, 0.03833609, 0.011210399, 1.0
, 1, 0.0010008663, 8.457417e-6, 1.0
p, 0, 0.07671673, 0.034341928, 1.0
, 1, 0.0019990765, 2.1101154e-5, 1.0
c, 0, 0.038525462, 0.012565568, 1.0
, 1, 0.0010058098, 9.601045e-6, 1.0
p, 0, 0.07709403, 0.037185676, 1.0
, 1, 0.002008941, 2.2858432e-5, 1.0
c, 0, 0.038713098, 0.013316604, 1.0
, 1, 0.0010106172, 9.385143e-6, 1.0
p, 0, 0.07746777, 0.03520041, 1.0
, 1, 0.0020186119, 2.154058e-5, 1.0
c, 0, 0.038900867, 0.012886633, 1.0
, 1, 0.001015435, 1.087115e-5, 1.0
p, 0, 0.07784351, 0.03541453, 1.0
, 1, 0.0020282492, 2.176407e-5, 1.0
c, 0, 0.039087288, 0.0115104895, 1.0
, 1, 0.0010202006, 8.510064e-6, 1.0
p, 0, 0.078216225, 0.035692766, 1.0
, 1, 0.0020378008, 2.185537e-5, 1.0
c, 0, 0.039272934, 0.012736371, 1.0
, 1, 0.0010250397, 8.424214e-6, 1.0
p, 0, 0.07858768, 0.03697234, 1.0
, 1, 0.0020475797, 2.2954284e-5, 1.0
c, 0, 0.039458916, 0.0126771685, 1.0
, 1, 0.0010298416, 8.059231e-6, 1.0
p, 0, 0.07895882, 0.039475318, 1.0
, 1, 0.0020571686, 2.4931203e-5, 1.0
c, 0, 0.039644323, 0.012760435, 1.0
, 1, 0.0010345355, 7.546983e-6, 1.0
p, 0, 0.079329334, 0.036797296, 1.0
, 1, 0.0020665824, 2.2643511e-5, 1.0
c, 0, 0.039827824, 0.012653369, 1.0
, 1, 0.0010392852, 8.42072e-6, 1.0
p, 0, 0.07969629, 0.03761187, 1.0
, 1, 0.0020761564, 2.3052908e-5, 1.0
c, 0, 0.04001216, 0.012193074, 1.0
, 1, 0.0010441411, 9.845762e-6, 1.0
p, 0, 0.08006379, 0.038215797, 1.0
, 1, 0.0020857304, 2.3533648e-5, 1.0
c, 0, 0.040195443, 0.014340234, 1.0
, 1, 0.0010489188, 9.284449e-6, 1.0
p, 0, 0.08043184, 0.039247528, 1.0
, 1, 0.0020952187, 2.4448795e-5, 1.0
c, 0, 0.040378958, 0.01314352, 1.0
, 1, 0.0010534897, 8.680857e-6, 1.0
p, 0, 0.08079776, 0.03950693, 1.0
, 1, 0.0021045804, 2.462613e-5, 1.0
c, 0, 0.04055994, 0.01247839, 1.0
, 1, 0.0010582283, 8.695283e-6, 1.0
p, 0, 0.08115963, 0.038273223, 1.0
, 1, 0.0021141246, 2.3466371e-5, 1.0
c, 0, 0.040743455, 0.013121868, 1.0
, 1, 0.0010629315, 8.119638e-6, 1.0
p, 0, 0.081525855, 0.040384118, 1.0
, 1, 0.0021234937, 2.4860761e-5, 1.0
c, 0, 0.040925592, 0.014761549, 1.0
, 1, 0.001067616, 1.0212231e-5, 1.0
p, 0, 0.08189177, 0.040904064, 1.0
, 1, 0.0021329336, 2.543594e-5, 1.0
c, 0, 0.041108757, 0.014397671, 1.0
, 1, 0.001072308, 1.1215816e-5, 1.0
p, 0, 0.08225686, 0.039408095, 1.0
, 1, 0.0021423846, 2.4179913e-5, 1.0
c, 0, 0.041290805, 0.013190107, 1.0
, 1, 0.001076933, 9.8918035e-6, 1.0
p, 0, 0.082621306, 0.04058691, 1.0
, 1, 0.0021516457, 2.5002159e-5, 1.0
c, 0, 0.04147294, 0.0139844315, 1.0
, 1, 0.0010815766, 9.887249e-6, 1.0
p, 0, 0.08298545, 0.040361874, 1.0
, 1, 0.002161011, 2.4742216e-5, 1.0
c, 0, 0.041653767, 0.013277775, 1.0
, 1, 0.0010861177, 9.6627455e-6, 1.0
p, 0, 0.08334786, 0.04096319, 1.0
, 1, 0.00217041, 2.5175137e-5, 1.0
c, 0, 0.041837856, 0.012870301, 1.0
, 1, 0.0010908805, 9.446131e-6, 1.0
p, 0, 0.08371608, 0.04194274, 1.0
, 1, 0.00218001, 2.5843061e-5, 1.0
c, 0, 0.042018197, 0.01265606, 1.0
, 1, 0.001095647, 9.456259e-6, 1.0
p, 0, 0.08407539, 0.042439535, 1.0
, 1, 0.0021893457, 2.6176836e-5, 1.0
c, 0, 0.0421995, 0.016301872, 1.0
, 1, 0.0011003036, 1.220776e-5, 1.0
p, 0, 0.08443927, 0.042963192, 1.0
, 1, 0.0021987893, 2.6888769e-5, 1.0
c, 0, 0.04238034, 0.015339467, 1.0
, 1, 0.0011049155, 1.1191434e-5, 1.0
p, 0, 0.08480057, 0.042442754, 1.0
, 1, 0.0022080094, 2.6100803e-5, 1.0
c, 0, 0.042561695, 0.013401066, 1.0
, 1, 0.0011094976, 1.0520349e-5, 1.0
p, 0, 0.08516383, 0.042415358, 1.0
, 1, 0.0022173487, 2.5929432e-5, 1.0
c, 0, 0.042742275, 0.014999745, 1.0
, 1, 0.0011141691, 1.0264807e-5, 1.0
p, 0, 0.085525, 0.043150324, 1.0
, 1, 0.0022266582, 2.6401254e-5, 1.0
c, 0, 0.04292267, 0.013620797, 1.0
, 1, 0.0011188854, 8.964609e-6, 1.0
p, 0, 0.08588557, 0.0438595, 1.0
, 1, 0.0022360496, 2.6917549e-5, 1.0
c, 0, 0.043103628, 0.013061966, 1.0
, 1, 0.0011233538, 8.237336e-6, 1.0
p, 0, 0.08624929, 0.04368398, 1.0
, 1, 0.0022452138, 2.6585867e-5, 1.0
c, 0, 0.043284126, 0.016034724, 1.0
, 1, 0.0011274107, 8.601896e-6, 1.0
p, 0, 0.08661239, 0.0459143, 1.0
, 1, 0.0022536851, 2.7921627e-5, 1.0
c, 0, 0.043470025, 0.015383919, 1.0
, 1, 0.0011326149, 9.58764e-6, 1.0
p, 0, 0.08698317, 0.045082044, 1.0
, 1, 0.0022641085, 2.781217e-5, 1.0
c, 0, 0.04364965, 0.01741945, 1.0
, 1, 0.0011373777, 1.13337355e-5, 1.0
p, 0, 0.08734244, 0.04492525, 1.0
, 1, 0.0022736527, 2.7482192e-5, 1.0
c, 0, 0.04383163, 0.016212277, 1.0
, 1, 0.0011420771, 1.1760955e-5, 1.0
p, 0, 0.08770601, 0.045590073, 1.0
, 1, 0.002283141, 2.8133538e-5, 1.0
c, 0, 0.044010878, 0.015128, 1.0
, 1, 0.0011466648, 1.09108105e-5, 1.0
p, 0, 0.088065125, 0.045911305, 1.0
, 1, 0.0022922605, 2.812968e-5, 1.0
c, 0, 0.0441889, 0.01547666, 1.0
, 1, 0.0011512544, 1.2431356e-5, 1.0
p, 0, 0.088419765, 0.0462932, 1.0
, 1, 0.002301585, 2.826371e-5, 1.0
c, 0, 0.044365935, 0.015882248, 1.0
, 1, 0.0011558738, 1.138875e-5, 1.0
p, 0, 0.08877282, 0.046181876, 1.0
, 1, 0.002310764, 2.822074e-5, 1.0
c, 0, 0.044542044, 0.014928066, 1.0
, 1, 0.0011604168, 1.2630719e-5, 1.0
p, 0, 0.089125365, 0.04689632, 1.0
, 1, 0.0023198798, 2.8963537e-5, 1.0
c, 0, 0.044718556, 0.0155071085, 1.0
, 1, 0.0011649113, 1.1940121e-5, 1.0
p, 0, 0.08947789, 0.046413556, 1.0
, 1, 0.0023288466, 2.8480903e-5, 1.0
c, 0, 0.044891454, 0.017763129, 1.0
, 1, 0.0011694189, 1.540995e-5, 1.0
p, 0, 0.08982198, 0.051915016, 1.0
, 1, 0.0023379587, 3.1375246e-5, 1.0
c, 0, 0.045063697, 0.019825654, 1.0
, 1, 0.0011738166, 1.4345335e-5, 1.0
p, 0, 0.090163276, 0.051990293, 1.0
, 1, 0.0023468025, 3.1759093e-5, 1.0
c, 0, 0.04523018, 0.016728781, 1.0
, 1, 0.0011782944, 1.1066901e-5, 1.0
p, 0, 0.090492405, 0.04781775, 1.0
, 1, 0.002355598, 2.9325452e-5, 1.0
c, 0, 0.045395397, 0.01632083, 1.0
, 1, 0.0011827461, 1.04540695e-5, 1.0
p, 0, 0.09082256, 0.0482709, 1.0
, 1, 0.002364263, 2.9624116e-5, 1.0
c, 0, 0.04556015, 0.016105799, 1.0
, 1, 0.0011871327, 1.0454699e-5, 1.0
p, 0, 0.09115249, 0.04837216, 1.0
, 1, 0.0023728795, 2.9575485e-5, 1.0
c, 0, 0.045725085, 0.015239146, 1.0
, 1, 0.0011913218, 9.332521e-6, 1.0
p, 0, 0.09148398, 0.04845305, 1.0
, 1, 0.002381295, 2.962624e-5, 1.0
c, 0, 0.045891896, 0.015852531, 1.0
, 1, 0.0011955891, 1.0705619e-5, 1.0
p, 0, 0.09181883, 0.049031027, 1.0
, 1, 0.0023898743, 3.000066e-5, 1.0
c, 0, 0.046057656, 0.019247092, 1.0
, 1, 0.0011998136, 1.2459441e-5, 1.0
p, 0, 0.092150025, 0.05473097, 1.0
, 1, 0.0023983344, 3.355242e-5, 1.0
c, 0, 0.04622472, 0.018297594, 1.0
, 1, 0.0012040827, 1.4321462e-5, 1.0
p, 0, 0.0924856, 0.050954584, 1.0
, 1, 0.0024070293, 3.1438376e-5, 1.0
c, 0, 0.046391435, 0.017114028, 1.0
, 1, 0.0012083836, 1.2173578e-5, 1.0
p, 0, 0.092818715, 0.051107876, 1.0
, 1, 0.0024155676, 3.1530628e-5, 1.0
c, 0, 0.046557486, 0.01751003, 1.0
, 1, 0.0012126267, 1.661983e-5, 1.0
p, 0, 0.093151666, 0.050627384, 1.0
, 1, 0.0024240464, 3.1054027e-5, 1.0
c, 0, 0.046721295, 0.016089568, 1.0
, 1, 0.0012168791, 1.3405015e-5, 1.0
p, 0, 0.093478374, 0.050784223, 1.0
, 1, 0.002432514, 3.108269e-5, 1.0
c, 0, 0.04688511, 0.016887844, 1.0
, 1, 0.0012211595, 1.342599e-5, 1.0
p, 0, 0.09380707, 0.05227886, 1.0
, 1, 0.0024404414, 3.1920903e-5, 1.0
c, 0, 0.047048755, 0.017214704, 1.0
, 1, 0.0012254138, 1.3414971e-5, 1.0
p, 0, 0.09413368, 0.05176106, 1.0
, 1, 0.0024484247, 3.1685122e-5, 1.0
c, 0, 0.04720927, 0.019540714, 1.0
, 1, 0.0012293775, 1.4869772e-5, 1.0
p, 0, 0.094454676, 0.057065893, 1.0
, 1, 0.0024568476, 3.6452708e-5, 1.0
c, 0, 0.047371387, 0.019703766, 1.0
, 1, 0.0012331922, 1.2548838e-5, 1.0
p, 0, 0.09477916, 0.05321285, 1.0
, 1, 0.0024644732, 3.249261e-5, 1.0
c, 0, 0.047531098, 0.017850181, 1.0
, 1, 0.0012367778, 1.09772745e-5, 1.0
p, 0, 0.0950986, 0.05299523, 1.0
, 1, 0.002472058, 3.232472e-5, 1.0
c, 0, 0.047688656, 0.017021583, 1.0
, 1, 0.0012404509, 1.0492007e-5, 1.0
p, 0, 0.09541335, 0.05400619, 1.0
, 1, 0.0024801455, 3.2848857e-5, 1.0
c, 0, 0.047847144, 0.018007418, 1.0
, 1, 0.001244124, 1.1245017e-5, 1.0
p, 0, 0.09573073, 0.055575054, 1.0
, 1, 0.0024881177, 3.37432e-5, 1.0
c, 0, 0.04800067, 0.018369086, 1.0
, 1, 0.0012481008, 1.1589781e-5, 1.0
p, 0, 0.096037365, 0.054875907, 1.0
, 1, 0.0024962425, 3.3622036e-5, 1.0
c, 0, 0.048156068, 0.020445822, 1.0
, 1, 0.0012520105, 1.2752591e-5, 1.0
p, 0, 0.09634792, 0.060318384, 1.0
, 1, 0.0025044717, 3.6782745e-5, 1.0
c, 0, 0.04830841, 0.020064266, 1.0
, 1, 0.0012561195, 1.3440133e-5, 1.0
p, 0, 0.0966524, 0.057484966, 1.0
, 1, 0.0025124662, 3.4860743e-5, 1.0
c, 0, 0.048462167, 0.01865306, 1.0
, 1, 0.0012599826, 1.5908288e-5, 1.0
p, 0, 0.096960336, 0.056866396, 1.0
, 1, 0.0025201216, 3.512022e-5, 1.0
c, 0, 0.048610874, 0.017097874, 1.0
, 1, 0.0012637954, 1.360395e-5, 1.0
p, 0, 0.09725589, 0.056442514, 1.0
, 1, 0.0025277808, 3.472956e-5, 1.0
c, 0, 0.04876014, 0.018360447, 1.0
, 1, 0.0012676977, 1.3405892e-5, 1.0
p, 0, 0.09755475, 0.05713961, 1.0
, 1, 0.002535496, 3.487711e-5, 1.0
c, 0, 0.048906207, 0.01930098, 1.0
, 1, 0.001271436, 1.4983115e-5, 1.0
p, 0, 0.09784611, 0.058297966, 1.0
, 1, 0.0025429092, 3.5656783e-5, 1.0
c, 0, 0.04905258, 0.0221644, 1.0
, 1, 0.0012752488, 1.8692492e-5, 1.0
p, 0, 0.09813881, 0.06682463, 1.0
, 1, 0.0025505535, 4.1098083e-5, 1.0
c, 0, 0.049197055, 0.021078372, 1.0
, 1, 0.0012789443, 1.3323547e-5, 1.0
p, 0, 0.098427415, 0.06403346, 1.0
, 1, 0.0025578104, 3.81207e-5, 1.0
c, 0, 0.049340107, 0.019345798, 1.0
, 1, 0.0012825988, 1.1871573e-5, 1.0
p, 0, 0.09871351, 0.05879707, 1.0
, 1, 0.0025649443, 3.6070574e-5, 1.0
c, 0, 0.049483247, 0.018544994, 1.0
, 1, 0.0012861565, 1.0835557e-5, 1.0
p, 0, 0.09899975, 0.058514394, 1.0
, 1, 0.0025719032, 3.5776033e-5, 1.0
c, 0, 0.049623206, 0.020376975, 1.0
, 1, 0.0012896731, 1.44546975e-5, 1.0
p, 0, 0.09927897, 0.061148904, 1.0
, 1, 0.002578836, 3.8190658e-5, 1.0
c, 0, 0.049763307, 0.018866846, 1.0
, 1, 0.0012931619, 1.1561262e-5, 1.0
p, 0, 0.09955945, 0.058483303, 1.0
, 1, 0.0025858395, 3.5664612e-5, 1.0
c, 0, 0.049901217, 0.021609709, 1.0
, 1, 0.0012966804, 1.3517631e-5, 1.0
p, 0, 0.09983451, 0.06451086, 1.0
, 1, 0.0025928319, 3.968325e-5, 1.0
c, 0, 0.050038405, 0.020975854, 1.0
, 1, 0.001300009, 1.4111716e-5, 1.0
p, 0, 0.10010873, 0.06344861, 1.0
, 1, 0.0025995523, 3.8354352e-5, 1.0
c, 0, 0.050174356, 0.020653047, 1.0
, 1, 0.0013034455, 1.5467725e-5, 1.0
p, 0, 0.100381486, 0.060460802, 1.0
, 1, 0.0026064068, 3.685854e-5, 1.0
c, 0, 0.05030781, 0.018673819, 1.0
, 1, 0.0013067909, 1.4341073e-5, 1.0
p, 0, 0.10064682, 0.060161777, 1.0
, 1, 0.0026130453, 3.666019e-5, 1.0
c, 0, 0.050440937, 0.020567901, 1.0
, 1, 0.00131003, 1.5474146e-5, 1.0
p, 0, 0.100912765, 0.06618181, 1.0
, 1, 0.0026195906, 4.067549e-5, 1.0
c, 0, 0.050570168, 0.019388352, 1.0
, 1, 0.001313258, 1.3864965e-5, 1.0
p, 0, 0.10116982, 0.060775183, 1.0
, 1, 0.0026259795, 3.7418416e-5, 1.0
c, 0, 0.05070009, 0.022097867, 1.0
, 1, 0.0013164803, 1.9053341e-5, 1.0
p, 0, 0.101430416, 0.06649162, 1.0
, 1, 0.0026325732, 4.162468e-5, 1.0
c, 0, 0.05082818, 0.02019977, 1.0
, 1, 0.0013197288, 1.3309163e-5, 1.0
p, 0, 0.101686016, 0.06565304, 1.0
, 1, 0.0026389807, 4.0249673e-5, 1.0
c, 0, 0.050955147, 0.02012174, 1.0
, 1, 0.0013228767, 1.2134973e-5, 1.0
p, 0, 0.10193969, 0.06199502, 1.0
, 1, 0.0026453808, 3.7716607e-5, 1.0
c, 0, 0.05108063, 0.0185721, 1.0
, 1, 0.0013260506, 1.1800443e-5, 1.0
p, 0, 0.10219034, 0.06304814, 1.0
, 1, 0.0026517399, 3.851701e-5, 1.0
c, 0, 0.05120621, 0.020153916, 1.0
, 1, 0.0013291948, 1.3836302e-5, 1.0
p, 0, 0.10244115, 0.06624301, 1.0
, 1, 0.0026579946, 4.0289837e-5, 1.0
c, 0, 0.051328488, 0.019103548, 1.0
, 1, 0.0013324246, 1.2145438e-5, 1.0
p, 0, 0.10268554, 0.062782094, 1.0
, 1, 0.0026645735, 3.8472826e-5, 1.0
c, 0, 0.05145269, 0.022466075, 1.0
, 1, 0.001335606, 1.5832284e-5, 1.0
p, 0, 0.1029338, 0.07028593, 1.0
, 1, 0.0026708804, 4.679917e-5, 1.0
c, 0, 0.05157339, 0.01919906, 1.0
, 1, 0.0013386309, 1.2815885e-5, 1.0
p, 0, 0.10317497, 0.06308359, 1.0
, 1, 0.002677068, 3.8659724e-5, 1.0
c, 0, 0.05169353, 0.020524934, 1.0
, 1, 0.0013416745, 1.3749739e-5, 1.0
p, 0, 0.1034149, 0.06251165, 1.0
, 1, 0.0026827343, 3.8123853e-5, 1.0
c, 0, 0.051812135, 0.021043487, 1.0
, 1, 0.0013446547, 1.6160911e-5, 1.0
p, 0, 0.103651434, 0.06459144, 1.0
, 1, 0.0026886351, 3.9284216e-5, 1.0
c, 0, 0.051932096, 0.01820874, 1.0
, 1, 0.0013476424, 1.3044379e-5, 1.0
p, 0, 0.103892185, 0.062569834, 1.0
, 1, 0.0026945546, 3.7995327e-5, 1.0
c, 0, 0.05204916, 0.018667635, 1.0
, 1, 0.0013505407, 1.306257e-5, 1.0
p, 0, 0.10412618, 0.06352993, 1.0
, 1, 0.0027002282, 3.8718055e-5, 1.0
c, 0, 0.052164465, 0.02098244, 1.0
, 1, 0.0013535302, 1.7450531e-5, 1.0
p, 0, 0.104354985, 0.06575281, 1.0
, 1, 0.0027064495, 4.059186e-5, 1.0
c, 0, 0.052281782, 0.020310933, 1.0
, 1, 0.0013565682, 1.3962182e-5, 1.0
p, 0, 0.104591936, 0.06637213, 1.0
, 1, 0.0027124435, 4.000166e-5, 1.0
c, 0, 0.05239658, 0.021272182, 1.0
, 1, 0.001359487, 1.3681988e-5, 1.0
p, 0, 0.104820095, 0.06603093, 1.0
, 1, 0.002718389, 4.0622643e-5, 1.0
c, 0, 0.05250974, 0.019540917, 1.0
, 1, 0.0013624709, 1.18987255e-5, 1.0
p, 0, 0.10504574, 0.06657308, 1.0
, 1, 0.0027241893, 4.0814146e-5, 1.0
c, 0, 0.05262181, 0.018934729, 1.0
, 1, 0.0013653189, 1.1211306e-5, 1.0
p, 0, 0.105271086, 0.06565008, 1.0
, 1, 0.0027299598, 4.000999e-5, 1.0
c, 0, 0.05273679, 0.018788895, 1.0
, 1, 0.0013683569, 1.1537425e-5, 1.0
p, 0, 0.105500765, 0.064505465, 1.0
, 1, 0.0027357638, 3.918073e-5, 1.0
c, 0, 0.05284693, 0.020745026, 1.0
, 1, 0.0013711918, 1.31843835e-5, 1.0
p, 0, 0.10572037, 0.06615866, 1.0
, 1, 0.0027416795, 4.0859366e-5, 1.0
c, 0, 0.05295848, 0.01971896, 1.0
, 1, 0.0013742149, 1.1660902e-5, 1.0
p, 0, 0.105944104, 0.067526534, 1.0
, 1, 0.0027475841, 4.108738e-5, 1.0
c, 0, 0.05306793, 0.019233894, 1.0
, 1, 0.0013770312, 1.2996298e-5, 1.0
p, 0, 0.10616285, 0.06578389, 1.0
, 1, 0.0027531832, 4.0152638e-5, 1.0
c, 0, 0.0531756, 0.019607486, 1.0
, 1, 0.0013797712, 1.3786014e-5, 1.0
p, 0, 0.106376894, 0.066190496, 1.0
, 1, 0.0027586967, 4.0597188e-5, 1.0
c, 0, 0.05328493, 0.020215292, 1.0
, 1, 0.0013824776, 1.4177617e-5, 1.0
p, 0, 0.10659611, 0.067326985, 1.0
, 1, 0.0027640723, 4.1230604e-5, 1.0
c, 0, 0.053391024, 0.019443043, 1.0
, 1, 0.0013852157, 1.335846e-5, 1.0
p, 0, 0.106808335, 0.07045164, 1.0
, 1, 0.002769675, 4.327617e-5, 1.0
c, 0, 0.05349586, 0.020642662, 1.0
, 1, 0.0013879258, 1.501193e-5, 1.0
p, 0, 0.10701701, 0.06777131, 1.0
, 1, 0.0027749501, 4.141926e-5, 1.0
c, 0, 0.053603128, 0.020132093, 1.0
, 1, 0.0013905708, 1.3725406e-5, 1.0
p, 0, 0.107232116, 0.06910205, 1.0
, 1, 0.002780307, 4.241588e-5, 1.0
c, 0, 0.053705797, 0.019472172, 1.0
, 1, 0.0013932381, 1.208411e-5, 1.0
p, 0, 0.10743624, 0.0668625, 1.0
, 1, 0.0027856082, 4.0641982e-5, 1.0
c, 0, 0.05380979, 0.020454628, 1.0
, 1, 0.0013957825, 1.3086039e-5, 1.0
p, 0, 0.107645206, 0.06718799, 1.0
, 1, 0.0027907975, 4.0938055e-5, 1.0
c, 0, 0.053910337, 0.019020732, 1.0
, 1, 0.0013984945, 1.1925413e-5, 1.0
p, 0, 0.107845284, 0.06824361, 1.0
, 1, 0.0027961992, 4.155049e-5, 1.0
c, 0, 0.054013, 0.01940362, 1.0
, 1, 0.0014010277, 1.16377705e-5, 1.0
p, 0, 0.10805117, 0.06959538, 1.0
, 1, 0.0028012544, 4.2913663e-5, 1.0
c, 0, 0.0541154, 0.021347003, 1.0
, 1, 0.0014036652, 1.4018889e-5, 1.0
p, 0, 0.10825618, 0.07247707, 1.0
, 1, 0.0028065108, 4.4167304e-5, 1.0
c, 0, 0.054215632, 0.02123593, 1.0
, 1, 0.0014061276, 1.3245144e-5, 1.0
p, 0, 0.10845655, 0.06929307, 1.0
, 1, 0.0028115064, 4.2146785e-5, 1.0
c, 0, 0.054314546, 0.018936409, 1.0
, 1, 0.0014087018, 1.2714561e-5, 1.0
p, 0, 0.10865263, 0.068159804, 1.0
, 1, 0.0028166175, 4.1435338e-5, 1.0
c, 0, 0.054414302, 0.019425254, 1.0
, 1, 0.0014112219, 1.3002776e-5, 1.0
p, 0, 0.10885405, 0.06906774, 1.0
, 1, 0.0028216578, 4.2068346e-5, 1.0
c, 0, 0.05451023, 0.019639142, 1.0
, 1, 0.001413662, 1.3358769e-5, 1.0
p, 0, 0.10904319, 0.06862832, 1.0
, 1, 0.00282659, 4.172792e-5, 1.0
c, 0, 0.054608703, 0.019069865, 1.0
, 1, 0.0014161598, 1.2867727e-5, 1.0
p, 0, 0.109242536, 0.06886614, 1.0
, 1, 0.0028315857, 4.1807245e-5, 1.0
c, 0, 0.054705396, 0.019953815, 1.0
, 1, 0.0014185924, 1.3777377e-5, 1.0
p, 0, 0.109434284, 0.0709028, 1.0
, 1, 0.0028365217, 4.3320826e-5, 1.0
c, 0, 0.05480081, 0.02063557, 1.0
, 1, 0.0014210083, 1.3290128e-5, 1.0
p, 0, 0.109625675, 0.07089094, 1.0
, 1, 0.0028412975, 4.3808424e-5, 1.0
c, 0, 0.054895915, 0.020731427, 1.0
, 1, 0.0014235098, 1.3390149e-5, 1.0
p, 0, 0.10981597, 0.07054095, 1.0
, 1, 0.002846364, 4.2971027e-5, 1.0
c, 0, 0.05499038, 0.019787556, 1.0
, 1, 0.0014258996, 1.262499e-5, 1.0
p, 0, 0.11000356, 0.069754675, 1.0
, 1, 0.0028510317, 4.2359858e-5, 1.0
c, 0, 0.0550841, 0.019983074, 1.0
, 1, 0.0014282838, 1.2502466e-5, 1.0
p, 0, 0.11018682, 0.07092835, 1.0
, 1, 0.0028558224, 4.339188e-5, 1.0
c, 0, 0.05517085, 0.019898448, 1.0
, 1, 0.0014304966, 1.2327228e-5, 1.0
p, 0, 0.11035994, 0.070093416, 1.0
, 1, 0.0028602742, 4.2561747e-5, 1.0
c, 0, 0.055259198, 0.01931885, 1.0
, 1, 0.0014327392, 1.1660644e-5, 1.0
p, 0, 0.11053686, 0.070552684, 1.0
, 1, 0.0028647855, 4.286946e-5, 1.0
c, 0, 0.055346057, 0.021018706, 1.0
, 1, 0.0014350209, 1.3337505e-5, 1.0
p, 0, 0.11071066, 0.072544076, 1.0
, 1, 0.002869349, 4.4276843e-5, 1.0
c, 0, 0.055435352, 0.021350073, 1.0
, 1, 0.0014372636, 1.423604e-5, 1.0
p, 0, 0.11088932, 0.07209266, 1.0
, 1, 0.0028740205, 4.4175973e-5, 1.0
c, 0, 0.055523567, 0.01962074, 1.0
, 1, 0.0014395658, 1.3004237e-5, 1.0
p, 0, 0.11106571, 0.07114259, 1.0
, 1, 0.002878584, 4.32413e-5, 1.0
c, 0, 0.0556105, 0.01914823, 1.0
, 1, 0.001441747, 1.2343694e-5, 1.0
p, 0, 0.1112401, 0.07142729, 1.0
, 1, 0.002882991, 4.3435106e-5, 1.0
c, 0, 0.0556985, 0.020092994, 1.0
, 1, 0.0014440268, 1.2810331e-5, 1.0
p, 0, 0.11141541, 0.07247311, 1.0
, 1, 0.0028875507, 4.419255e-5, 1.0
c, 0, 0.055784076, 0.019804047, 1.0
, 1, 0.0014462266, 1.3123633e-5, 1.0
p, 0, 0.111586444, 0.072313406, 1.0
, 1, 0.0028919764, 4.4124907e-5, 1.0
c, 0, 0.05587084, 0.02106941, 1.0
, 1, 0.0014484134, 1.4980012e-5, 1.0
p, 0, 0.11176093, 0.075359166, 1.0
, 1, 0.0028964356, 4.6459525e-5, 1.0
c, 0, 0.05595634, 0.02020749, 1.0
, 1, 0.0014506727, 1.3119412e-5, 1.0
p, 0, 0.11193148, 0.07267342, 1.0
, 1, 0.0029008538, 4.4186905e-5, 1.0
c, 0, 0.056042634, 0.020840706, 1.0
, 1, 0.0014527887, 1.2982451e-5, 1.0
p, 0, 0.11210405, 0.072806135, 1.0
, 1, 0.0029051565, 4.4251417e-5, 1.0
c, 0, 0.05612646, 0.019860363, 1.0
, 1, 0.0014549196, 1.2772732e-5, 1.0
p, 0, 0.112271115, 0.072732955, 1.0
, 1, 0.0029094368, 4.422268e-5, 1.0
c, 0, 0.056210734, 0.019492993, 1.0
, 1, 0.001457084, 1.2235525e-5, 1.0
p, 0, 0.11244008, 0.07336034, 1.0
, 1, 0.0029138103, 4.4643097e-5, 1.0
c, 0, 0.056295134, 0.02048877, 1.0
, 1, 0.0014592241, 1.251983e-5, 1.0
p, 0, 0.11260893, 0.07401015, 1.0
, 1, 0.0029181093, 4.521516e-5, 1.0
c, 0, 0.056376785, 0.020002643, 1.0
, 1, 0.0014613327, 1.2031945e-5, 1.0
p, 0, 0.11277143, 0.07387807, 1.0
, 1, 0.002922386, 4.500858e-5, 1.0
c, 0, 0.056460813, 0.021049643, 1.0
, 1, 0.001463525, 1.2733107e-5, 1.0
p, 0, 0.112939924, 0.07566857, 1.0
, 1, 0.0029267073, 4.626934e-5, 1.0
c, 0, 0.056542963, 0.020275678, 1.0
, 1, 0.0014656112, 1.2938234e-5, 1.0
p, 0, 0.113104224, 0.074113786, 1.0
, 1, 0.0029308721, 4.5176323e-5, 1.0
c, 0, 0.056624718, 0.021183109, 1.0
, 1, 0.0014677048, 1.3572043e-5, 1.0
p, 0, 0.11326801, 0.074531466, 1.0
, 1, 0.0029351115, 4.5232213e-5, 1.0
c, 0, 0.05670608, 0.02043548, 1.0
, 1, 0.0014698207, 1.31767165e-5, 1.0
p, 0, 0.11343004, 0.0743772, 1.0
, 1, 0.0029393323, 4.5249653e-5, 1.0
c, 0, 0.056787387, 0.02070781, 1.0
, 1, 0.0014719199, 1.3304554e-5, 1.0
p, 0, 0.113593094, 0.075575784, 1.0
, 1, 0.002943527, 4.5836237e-5, 1.0
c, 0, 0.056866683, 0.020708194, 1.0
, 1, 0.001473954, 1.3934166e-5, 1.0
p, 0, 0.11375033, 0.07535065, 1.0
, 1, 0.0029476583, 4.5812816e-5, 1.0
c, 0, 0.05694738, 0.020627307, 1.0
, 1, 0.0014760513, 1.3405399e-5, 1.0
p, 0, 0.113913305, 0.07492203, 1.0
, 1, 0.0029518008, 4.556603e-5, 1.0
c, 0, 0.057026416, 0.020841109, 1.0
, 1, 0.0014780778, 1.3109951e-5, 1.0
p, 0, 0.11407047, 0.075213104, 1.0
, 1, 0.0029558726, 4.5781635e-5, 1.0
c, 0, 0.057106502, 0.021301076, 1.0
, 1, 0.001480123, 1.3393511e-5, 1.0
p, 0, 0.11423107, 0.07593015, 1.0
, 1, 0.0029599965, 4.606116e-5, 1.0
c, 0, 0.05718445, 0.020732764, 1.0
, 1, 0.0014821496, 1.3212209e-5, 1.0
p, 0, 0.11438669, 0.07563644, 1.0
, 1, 0.002964031, 4.599933e-5, 1.0
c, 0, 0.057262853, 0.020305922, 1.0
, 1, 0.0014841314, 1.2871901e-5, 1.0
p, 0, 0.11454318, 0.07611647, 1.0
, 1, 0.0029680356, 4.632724e-5, 1.0
c, 0, 0.057340987, 0.020839171, 1.0
, 1, 0.0014861152, 1.3453446e-5, 1.0
p, 0, 0.114699654, 0.076293655, 1.0
, 1, 0.002972018, 4.633008e-5, 1.0
c, 0, 0.05741679, 0.020378137, 1.0
, 1, 0.001488125, 1.2466501e-5, 1.0
p, 0, 0.114850804, 0.075944, 1.0
, 1, 0.002976045, 4.6122885e-5, 1.0
c, 0, 0.05749423, 0.020965477, 1.0
, 1, 0.0014900584, 1.2824544e-5, 1.0
p, 0, 0.11500631, 0.077202596, 1.0
, 1, 0.0029799119, 4.6836616e-5, 1.0
c, 0, 0.057570256, 0.020740375, 1.0
, 1, 0.0014920607, 1.3419078e-5, 1.0
p, 0, 0.11515773, 0.0772635, 1.0
, 1, 0.002983939, 4.692964e-5, 1.0
c, 0, 0.057645276, 0.021178491, 1.0
, 1, 0.0014940314, 1.3313296e-5, 1.0
p, 0, 0.11530747, 0.077452324, 1.0
, 1, 0.0029878654, 4.707924e-5, 1.0
c, 0, 0.057721667, 0.021256581, 1.0
, 1, 0.0014959648, 1.420186e-5, 1.0
p, 0, 0.115460396, 0.07754842, 1.0
, 1, 0.0029917173, 4.7452948e-5, 1.0
c, 0, 0.057796285, 0.021148186, 1.0
, 1, 0.0014978666, 1.3290013e-5, 1.0
p, 0, 0.11560942, 0.07797228, 1.0
, 1, 0.0029955283, 4.7593676e-5, 1.0
c, 0, 0.057869583, 0.021247858, 1.0
, 1, 0.0014997814, 1.3301668e-5, 1.0
p, 0, 0.11575605, 0.07789787, 1.0
, 1, 0.002999425, 4.7340225e-5, 1.0
c, 0, 0.05794379, 0.020675976, 1.0
, 1, 0.0015003663, 1.3426114e-5, 1.0
p, 0, 0.11590458, 0.07737796, 1.0
, 1, 0.0030007437, 4.7038968e-5, 1.0
c, 0, 0.05801703, 0.021504441, 1.0
, 1, 0.0015004426, 1.3777338e-5, 1.0
p, 0, 0.11605093, 0.07829608, 1.0
, 1, 0.0030013472, 4.782303e-5, 1.0
c, 0, 0.058075994, 0.020740546, 1.0
, 1, 0.0015006736, 1.3232805e-5, 1.0
p, 0, 0.11616391, 0.077346526, 1.0
, 1, 0.0030020438, 4.696899e-5, 1.0
c, 0, 0.05809059, 0.021210292, 1.0
, 1, 0.0015009753, 1.3078436e-5, 1.0
p, 0, 0.116176754, 0.078203104, 1.0
, 1, 0.0030028261, 4.7859172e-5, 1.0
c, 0, 0.058097184, 0.0216495, 1.0
, 1, 0.0015013553, 1.41504715e-5, 1.0
p, 0, 0.11618131, 0.07829224, 1.0
, 1, 0.0030036531, 4.776204e-5, 1.0
c, 0, 0.058100976, 0.020883167, 1.0
, 1, 0.0015017092, 1.3079354e-5, 1.0
p, 0, 0.116184756, 0.07790693, 1.0
, 1, 0.0030045882, 4.7343885e-5, 1.0
c, 0, 0.05810289, 0.02090278, 1.0
, 1, 0.0015022308, 1.3363425e-5, 1.0
p, 0, 0.11618774, 0.07790556, 1.0
, 1, 0.0030055009, 4.7361504e-5, 1.0
c, 0, 0.05810459, 0.021055207, 1.0
, 1, 0.0015025996, 1.289029e-5, 1.0
p, 0, 0.116190374, 0.07818872, 1.0
, 1, 0.0030064844, 4.7596135e-5, 1.0
c, 0, 0.05810657, 0.020905735, 1.0
, 1, 0.0015031546, 1.265858e-5, 1.0
p, 0, 0.11619517, 0.078308396, 1.0
, 1, 0.0030080155, 4.7599366e-5, 1.0
c, 0, 0.058108106, 0.02111968, 1.0
, 1, 0.0015039388, 1.3624533e-5, 1.0
p, 0, 0.11619788, 0.07777483, 1.0
, 1, 0.0030087866, 4.73943e-5, 1.0
c, 0, 0.05810993, 0.020725422, 1.0
, 1, 0.0015041158, 1.269805e-5, 1.0
p, 0, 0.116201915, 0.07774746, 1.0
, 1, 0.0030100718, 4.7381483e-5, 1.0
c, 0, 0.05811181, 0.020795275, 1.0
, 1, 0.0015050322, 1.3140625e-5, 1.0
p, 0, 0.11620559, 0.07787093, 1.0
, 1, 0.0030109175, 4.749867e-5, 1.0
c, 0, 0.05811345, 0.020767147, 1.0
, 1, 0.001505183, 1.3536576e-5, 1.0
p, 0, 0.11620951, 0.077867955, 1.0
, 1, 0.0030124895, 4.7499572e-5, 1.0
c, 0, 0.05811552, 0.021053517, 1.0
, 1, 0.001506295, 1.341041e-5, 1.0
p, 0, 0.116213486, 0.078191325, 1.0
, 1, 0.0030132644, 4.7749087e-5, 1.0
c, 0, 0.058116846, 0.020467395, 1.0
, 1, 0.0015061479, 1.2976758e-5, 1.0
p, 0, 0.11621618, 0.077631705, 1.0
, 1, 0.0030143037, 4.7373782e-5, 1.0
c, 0, 0.05811861, 0.020760907, 1.0
, 1, 0.0015072953, 1.2990258e-5, 1.0
p, 0, 0.11622043, 0.07813523, 1.0
, 1, 0.0030155554, 4.7670535e-5, 1.0
c, 0, 0.05812046, 0.021063616, 1.0
, 1, 0.001507435, 1.2765626e-5, 1.0
p, 0, 0.11622378, 0.07906179, 1.0
, 1, 0.0030170977, 4.8595542e-5, 1.0
c, 0, 0.058121942, 0.021296868, 1.0
, 1, 0.0015085917, 1.2972534e-5, 1.0
p, 0, 0.11622693, 0.079658195, 1.0
, 1, 0.0030177608, 4.9024617e-5, 1.0
c, 0, 0.05812464, 0.02117441, 1.0
, 1, 0.0015084464, 1.2813195e-5, 1.0
p, 0, 0.11623216, 0.07786073, 1.0
, 1, 0.0030194446, 4.7635775e-5, 1.0
c, 0, 0.058125928, 0.020319173, 1.0
, 1, 0.0015098806, 1.3095886e-5, 1.0
p, 0, 0.11623542, 0.07799424, 1.0
, 1, 0.0030199103, 4.7640428e-5, 1.0
c, 0, 0.058127508, 0.02081648, 1.0
, 1, 0.0015091188, 1.3291102e-5, 1.0
p, 0, 0.116238, 0.07826806, 1.0
, 1, 0.0030200705, 4.788836e-5, 1.0
c, 0, 0.05812943, 0.020985372, 1.0
, 1, 0.0015103612, 1.3111939e-5, 1.0
p, 0, 0.116242446, 0.07856847, 1.0
, 1, 0.0030223913, 4.8192232e-5, 1.0
c, 0, 0.058131382, 0.020697044, 1.0
, 1, 0.0015109573, 1.3050925e-5, 1.0
p, 0, 0.116246805, 0.07831268, 1.0
, 1, 0.0030235387, 4.814239e-5, 1.0
c, 0, 0.058133036, 0.020436488, 1.0
, 1, 0.0015116464, 1.2698732e-5, 1.0
p, 0, 0.116249464, 0.07814612, 1.0
, 1, 0.003024578, 4.7864065e-5, 1.0
c, 0, 0.05813484, 0.020585896, 1.0
, 1, 0.0015120748, 1.2751488e-5, 1.0
p, 0, 0.116253465, 0.07842825, 1.0
, 1, 0.0030258559, 4.8182043e-5, 1.0
c, 0, 0.058136858, 0.021254025, 1.0
, 1, 0.0015127845, 1.3338215e-5, 1.0
p, 0, 0.11625701, 0.07918061, 1.0
, 1, 0.0030267835, 4.865874e-5, 1.0
c, 0, 0.058138162, 0.020771777, 1.0
, 1, 0.0015131086, 1.3438202e-5, 1.0
p, 0, 0.11626043, 0.078309596, 1.0
, 1, 0.0030279867, 4.8157777e-5, 1.0
c, 0, 0.058140002, 0.020681975, 1.0
, 1, 0.0015138984, 1.340542e-5, 1.0
p, 0, 0.11626397, 0.07899241, 1.0
, 1, 0.003028836, 4.8497815e-5, 1.0
c, 0, 0.0581415, 0.020941766, 1.0
, 1, 0.001514107, 1.3338303e-5, 1.0
p, 0, 0.11626731, 0.078638524, 1.0
, 1, 0.003030222, 4.8585436e-5, 1.0
c, 0, 0.05814378, 0.020796373, 1.0
, 1, 0.0015151072, 1.3326284e-5, 1.0
p, 0, 0.11627123, 0.07858407, 1.0
, 1, 0.0030307062, 4.8225025e-5, 1.0
c, 0, 0.05814477, 0.020937711, 1.0
, 1, 0.0015148483, 1.2934573e-5, 1.0
p, 0, 0.11627448, 0.0787408, 1.0
, 1, 0.0030321516, 4.8757047e-5, 1.0
c, 0, 0.05814722, 0.020752192, 1.0
, 1, 0.0015162472, 1.2833672e-5, 1.0
p, 0, 0.11627767, 0.078332596, 1.0
, 1, 0.0030299015, 4.793013e-5, 1.0
c, 0, 0.05814808, 0.020815909, 1.0
, 1, 0.0015139468, 1.2819682e-5, 1.0
p, 0, 0.11628102, 0.07938538, 1.0
, 1, 0.0030228272, 4.9072714e-5, 1.0
c, 0, 0.058150202, 0.020778956, 1.0
, 1, 0.0015122015, 1.2793835e-5, 1.0
p, 0, 0.11628434, 0.07847618, 1.0
, 1, 0.0030207634, 4.8231028e-5, 1.0
c, 0, 0.058151126, 0.020206714, 1.0
, 1, 0.0015099663, 1.2739515e-5, 1.0
p, 0, 0.11628701, 0.07815139, 1.0
, 1, 0.0030191466, 4.811408e-5, 1.0
c, 0, 0.05815328, 0.020699382, 1.0
, 1, 0.0015100911, 1.3251676e-5, 1.0
p, 0, 0.116291545, 0.07873722, 1.0
, 1, 0.0030145347, 4.818953e-5, 1.0
c, 0, 0.058155127, 0.020590909, 1.0
, 1, 0.0015052985, 1.2828885e-5, 1.0
p, 0, 0.11629472, 0.07813594, 1.0
, 1, 0.0030058138, 4.7518974e-5, 1.0
c, 0, 0.058156103, 0.020522242, 1.0
, 1, 0.0015015397, 1.2589044e-5, 1.0
p, 0, 0.11629638, 0.07864479, 1.0
, 1, 0.0029989034, 4.7576923e-5, 1.0
c, 0, 0.05815746, 0.020848496, 1.0
, 1, 0.001501441, 1.2517428e-5, 1.0
p, 0, 0.11630033, 0.077816285, 1.0
, 1, 0.0030009933, 4.7389727e-5, 1.0
c, 0, 0.058159642, 0.020395154, 1.0
, 1, 0.0014981739, 1.2420226e-5, 1.0
p, 0, 0.11630432, 0.0793517, 1.0
, 1, 0.0029921122, 4.784569e-5, 1.0
c, 0, 0.058161512, 0.02072494, 1.0
, 1, 0.0014992151, 1.2843921e-5, 1.0
p, 0, 0.11630872, 0.07834877, 1.0
, 1, 0.0029979944, 4.8109487e-5, 1.0
c, 0, 0.058163382, 0.020530364, 1.0
, 1, 0.0014969427, 1.2732067e-5, 1.0
p, 0, 0.11631125, 0.07785102, 1.0
, 1, 0.0029890053, 4.7054997e-5, 1.0
c, 0, 0.058164626, 0.020179335, 1.0
, 1, 0.0014951713, 1.2840001e-5, 1.0
p, 0, 0.116315156, 0.0775693, 1.0
, 1, 0.0029879399, 4.7041547e-5, 1.0
c, 0, 0.058167025, 0.020279968, 1.0
, 1, 0.001493562, 1.2579323e-5, 1.0
p, 0, 0.11631866, 0.07802754, 1.0
, 1, 0.002984047, 4.7231315e-5, 1.0
c, 0, 0.058167703, 0.020359296, 1.0
, 1, 0.0014927983, 1.2935513e-5, 1.0
p, 0, 0.11632197, 0.07788809, 1.0
, 1, 0.0029831752, 4.7402256e-5, 1.0
c, 0, 0.058170505, 0.02018372, 1.0
, 1, 0.0014906302, 1.2413047e-5, 1.0
p, 0, 0.1163254, 0.077539295, 1.0
, 1, 0.0029779114, 4.6651363e-5, 1.0
c, 0, 0.058171153, 0.020269068, 1.0
, 1, 0.0014903862, 1.22636575e-5, 1.0
p, 0, 0.116256155, 0.07719415, 1.0
, 1, 0.002978813, 4.6905876e-5, 1.0
c, 0, 0.05812551, 0.020257268, 1.0
, 1, 0.0014875196, 1.2307967e-5, 1.0
p, 0, 0.11606495, 0.077997774, 1.0
, 1, 0.0029711947, 4.6980516e-5, 1.0
c, 0, 0.058012366, 0.020918554, 1.0
, 1, 0.001488369, 1.2850961e-5, 1.0
p, 0, 0.11594269, 0.07750921, 1.0
, 1, 0.0029764324, 4.7390087e-5, 1.0
c, 0, 0.05796589, 0.020168899, 1.0
, 1, 0.0014863666, 1.2664049e-5, 1.0
p, 0, 0.11585298, 0.07743412, 1.0
, 1, 0.0029680133, 4.702004e-5, 1.0
c, 0, 0.057922266, 0.019906007, 1.0
, 1, 0.0014841557, 1.2268745e-5, 1.0
p, 0, 0.11575514, 0.076956674, 1.0
, 1, 0.0029659718, 4.6520705e-5, 1.0
c, 0, 0.05787211, 0.020006785, 1.0
, 1, 0.0014831293, 1.2301274e-5, 1.0
p, 0, 0.11565928, 0.076668635, 1.0
, 1, 0.0029635727, 4.6451547e-5, 1.0
c, 0, 0.057824634, 0.019773144, 1.0
, 1, 0.0014815647, 1.2203794e-5, 1.0
p, 0, 0.11555487, 0.076393746, 1.0
, 1, 0.0029603466, 4.59537e-5, 1.0
c, 0, 0.057770908, 0.019710222, 1.0
, 1, 0.0014803465, 1.2111582e-5, 1.0
p, 0, 0.11545493, 0.07629118, 1.0
, 1, 0.0029582903, 4.61328e-5, 1.0
c, 0, 0.057722874, 0.020068653, 1.0
, 1, 0.0014787856, 1.2305201e-5, 1.0
p, 0, 0.11536056, 0.076677196, 1.0
, 1, 0.0029547662, 4.6418034e-5, 1.0
c, 0, 0.05767534, 0.020180026, 1.0
, 1, 0.0014778152, 1.2256547e-5, 1.0
p, 0, 0.115260385, 0.076936334, 1.0
, 1, 0.002953373, 4.6378398e-5, 1.0
c, 0, 0.05762416, 0.020025332, 1.0
, 1, 0.0014759563, 1.2271322e-5, 1.0
p, 0, 0.11516294, 0.076417364, 1.0
, 1, 0.0029489808, 4.6059584e-5, 1.0
c, 0, 0.05757706, 0.020165768, 1.0
, 1, 0.0014753677, 1.2842898e-5, 1.0
p, 0, 0.11507091, 0.07715044, 1.0
, 1, 0.002948735, 4.707699e-5, 1.0
c, 0, 0.05753105, 0.01974491, 1.0
, 1, 0.0014730059, 1.2048288e-5, 1.0
p, 0, 0.11497383, 0.07606955, 1.0
, 1, 0.0029428005, 4.582604e-5, 1.0
c, 0, 0.057481237, 0.019886782, 1.0
, 1, 0.0014731754, 1.2330387e-5, 1.0
p, 0, 0.11488077, 0.07628692, 1.0
, 1, 0.0029448904, 4.6373607e-5, 1.0
c, 0, 0.057435855, 0.01962922, 1.0
, 1, 0.0014698487, 1.197176e-5, 1.0
p, 0, 0.1147863, 0.07557158, 1.0
, 1, 0.0029358417, 4.528722e-5, 1.0
c, 0, 0.057388313, 0.019494811, 1.0
, 1, 0.001471296, 1.222146e-5, 1.0
p, 0, 0.11469582, 0.075388394, 1.0
, 1, 0.0029433481, 4.6176796e-5, 1.0
c, 0, 0.0573432, 0.019494602, 1.0
, 1, 0.0014699269, 1.1846635e-5, 1.0
p, 0, 0.11460137, 0.075733215, 1.0
, 1, 0.002935063, 4.5714387e-5, 1.0
c, 0, 0.057295136, 0.020289736, 1.0
, 1, 0.0014660526, 1.2316025e-5, 1.0
p, 0, 0.11451148, 0.07650373, 1.0
, 1, 0.0029277392, 4.6071254e-5, 1.0
c, 0, 0.057251662, 0.019878147, 1.0
, 1, 0.0014679525, 1.215933e-5, 1.0
p, 0, 0.11441716, 0.07531851, 1.0
, 1, 0.0029339753, 4.5611312e-5, 1.0
c, 0, 0.057202563, 0.019769363, 1.0
, 1, 0.0014650207, 1.2303101e-5, 1.0
p, 0, 0.11432931, 0.07638391, 1.0
, 1, 0.0029265918, 4.5963032e-5, 1.0
c, 0, 0.057161115, 0.019700423, 1.0
, 1, 0.0014666021, 1.2130903e-5, 1.0
p, 0, 0.11423929, 0.07520246, 1.0
, 1, 0.0029312447, 4.5997916e-5, 1.0
c, 0, 0.05711589, 0.019586291, 1.0
, 1, 0.0014632642, 1.1838488e-5, 1.0
p, 0, 0.11415014, 0.07521072, 1.0
, 1, 0.0029230863, 4.508414e-5, 1.0
c, 0, 0.057069696, 0.019143593, 1.0
, 1, 0.0014644265, 1.1940086e-5, 1.0
p, 0, 0.114055976, 0.07461088, 1.0
, 1, 0.00292629, 4.5431047e-5, 1.0
c, 0, 0.057023473, 0.019311516, 1.0
, 1, 0.0014626253, 1.1945733e-5, 1.0
p, 0, 0.11397077, 0.07532777, 1.0
, 1, 0.0029229447, 4.562219e-5, 1.0
c, 0, 0.056980863, 0.019347807, 1.0
, 1, 0.0014628526, 1.2129913e-5, 1.0
p, 0, 0.11387459, 0.07454913, 1.0
, 1, 0.0029225834, 4.5203804e-5, 1.0
c, 0, 0.05693215, 0.020133818, 1.0
, 1, 0.0014600009, 1.21346075e-5, 1.0
p, 0, 0.113791555, 0.07607788, 1.0
, 1, 0.0029173307, 4.58256e-5, 1.0
c, 0, 0.056891643, 0.019710131, 1.0
, 1, 0.0014608912, 1.2464889e-5, 1.0
p, 0, 0.1136951, 0.07447157, 1.0
, 1, 0.0029188916, 4.519732e-5, 1.0
c, 0, 0.056842692, 0.019413708, 1.0
, 1, 0.001459673, 1.2056837e-5, 1.0
p, 0, 0.11361167, 0.074955866, 1.0
, 1, 0.0029174872, 4.524729e-5, 1.0
c, 0, 0.056801297, 0.01936311, 1.0
, 1, 0.0014596097, 1.1920108e-5, 1.0
p, 0, 0.113517895, 0.07482563, 1.0
, 1, 0.00291593, 4.5585854e-5, 1.0
c, 0, 0.056754217, 0.01969881, 1.0
, 1, 0.0014566258, 1.19602e-5, 1.0
p, 0, 0.11343541, 0.07530022, 1.0
, 1, 0.0029106103, 4.5363562e-5, 1.0
c, 0, 0.05671321, 0.018995317, 1.0
, 1, 0.0014575738, 1.1727013e-5, 1.0
p, 0, 0.11334275, 0.073829606, 1.0
, 1, 0.0029122867, 4.476988e-5, 1.0
c, 0, 0.056666516, 0.01915268, 1.0
, 1, 0.0014554821, 1.1858672e-5, 1.0
p, 0, 0.11326013, 0.07470484, 1.0
, 1, 0.0029085167, 4.509857e-5, 1.0
c, 0, 0.056625925, 0.019028826, 1.0
, 1, 0.0014549196, 1.1792205e-5, 1.0
p, 0, 0.11316708, 0.07388864, 1.0
, 1, 0.002906002, 4.4706652e-5, 1.0
c, 0, 0.05657857, 0.019641211, 1.0
, 1, 0.001450127, 1.2016073e-5, 1.0
p, 0, 0.113087974, 0.075083025, 1.0
, 1, 0.0028969646, 4.496895e-5, 1.0
c, 0, 0.05654048, 0.019328168, 1.0
, 1, 0.001450453, 1.1753546e-5, 1.0
p, 0, 0.11299732, 0.07395332, 1.0
, 1, 0.0028965473, 4.4605924e-5, 1.0
c, 0, 0.056494065, 0.019288512, 1.0
, 1, 0.0014481694, 1.1902387e-5, 1.0
p, 0, 0.112917006, 0.07438394, 1.0
, 1, 0.0028949454, 4.4644563e-5, 1.0
c, 0, 0.056454025, 0.01887816, 1.0
, 1, 0.0014455896, 1.1417526e-5, 1.0
p, 0, 0.11282491, 0.07341928, 1.0
, 1, 0.002884321, 4.390541e-5, 1.0
c, 0, 0.056407385, 0.01939828, 1.0
, 1, 0.0014412478, 1.1589246e-5, 1.0
p, 0, 0.11274785, 0.07486507, 1.0
, 1, 0.0028815605, 4.4523127e-5, 1.0
c, 0, 0.056370616, 0.019079182, 1.0
, 1, 0.0014423598, 1.15336015e-5, 1.0
p, 0, 0.11266052, 0.07333534, 1.0
, 1, 0.0028805248, 4.4048367e-5, 1.0
c, 0, 0.056325667, 0.018917039, 1.0
, 1, 0.0014388021, 1.1408726e-5, 1.0
p, 0, 0.1125828, 0.07341963, 1.0
, 1, 0.0028714128, 4.3705102e-5, 1.0
c, 0, 0.056287877, 0.018896665, 1.0
, 1, 0.0014364254, 1.1454486e-5, 1.0
p, 0, 0.11249228, 0.07349779, 1.0
, 1, 0.0028736629, 4.3473374e-5, 1.0
c, 0, 0.056240916, 0.019016942, 1.0
, 1, 0.0014376584, 1.158029e-5, 1.0
p, 0, 0.11242111, 0.07400274, 1.0
, 1, 0.002870921, 4.4652916e-5, 1.0
c, 0, 0.05620805, 0.01905783, 1.0
, 1, 0.0014334489, 1.1363499e-5, 1.0
p, 0, 0.1123355, 0.073114276, 1.0
, 1, 0.0028629228, 4.3061093e-5, 1.0
c, 0, 0.056163892, 0.018872721, 1.0
, 1, 0.0014357846, 1.1616784e-5, 1.0
p, 0, 0.112263754, 0.07295149, 1.0
, 1, 0.0028716028, 4.4165445e-5, 1.0
c, 0, 0.056128412, 0.018507892, 1.0
, 1, 0.0014305282, 1.1022021e-5, 1.0
p, 0, 0.11217884, 0.072705366, 1.0
, 1, 0.002855394, 4.2690735e-5, 1.0
c, 0, 0.05608607, 0.018691488, 1.0
, 1, 0.0014323574, 1.1340951e-5, 1.0
p, 0, 0.112112865, 0.07301455, 1.0
, 1, 0.0028636158, 4.4244436e-5, 1.0
c, 0, 0.056053497, 0.018991528, 1.0
, 1, 0.0014267769, 1.1418247e-5, 1.0
p, 0, 0.11202647, 0.07283559, 1.0
, 1, 0.002848465, 4.2914948e-5, 1.0
c, 0, 0.056009404, 0.018570714, 1.0
, 1, 0.0014285445, 1.1381896e-5, 1.0
p, 0, 0.11195237, 0.07210145, 1.0
, 1, 0.0028550439, 4.332921e-5, 1.0
c, 0, 0.055972278, 0.018697932, 1.0
, 1, 0.0014231037, 1.1190951e-5, 1.0
p, 0, 0.11186966, 0.072437145, 1.0
, 1, 0.0028424934, 4.2510175e-5, 1.0
c, 0, 0.055929914, 0.018720988, 1.0
, 1, 0.001424633, 1.1475e-5, 1.0
p, 0, 0.111792505, 0.07227782, 1.0
, 1, 0.002845686, 4.3270247e-5, 1.0
c, 0, 0.05589342, 0.018763527, 1.0
, 1, 0.0014193729, 1.114118e-5, 1.0
p, 0, 0.11171369, 0.07237419, 1.0
, 1, 0.0028370172, 4.2537125e-5, 1.0
c, 0, 0.055852637, 0.018685507, 1.0
, 1, 0.0014240649, 1.12586395e-5, 1.0
p, 0, 0.11163998, 0.07198144, 1.0
, 1, 0.002846904, 4.3417636e-5, 1.0
c, 0, 0.055817276, 0.018468708, 1.0
, 1, 0.0014174376, 1.098999e-5, 1.0
p, 0, 0.111559734, 0.071937315, 1.0
, 1, 0.0028267354, 4.2159176e-5, 1.0
c, 0, 0.055775464, 0.018399542, 1.0
, 1, 0.0014152117, 1.0971187e-5, 1.0
p, 0, 0.11148958, 0.07197812, 1.0
, 1, 0.002834931, 4.285783e-5, 1.0
c, 0, 0.055742666, 0.01832403, 1.0
, 1, 0.0014221463, 1.1043087e-5, 1.0
p, 0, 0.11140883, 0.07155924, 1.0
, 1, 0.0028453544, 4.315018e-5, 1.0
c, 0, 0.055699944, 0.01842096, 1.0
, 1, 0.0014185719, 1.1201436e-5, 1.0
p, 0, 0.11134362, 0.07210406, 1.0
, 1, 0.0028256588, 4.299047e-5, 1.0
c, 0, 0.05566895, 0.018428573, 1.0
, 1, 0.001408387, 1.0834921e-5, 1.0
p, 0, 0.1112604, 0.07218994, 1.0
, 1, 0.0028143227, 4.2047697e-5, 1.0
c, 0, 0.05562675, 0.01858874, 1.0
, 1, 0.0014118496, 1.1379815e-5, 1.0
p, 0, 0.11119442, 0.07206727, 1.0
, 1, 0.0028213896, 4.3292202e-5, 1.0
c, 0, 0.05559089, 0.018429434, 1.0
, 1, 0.0014057513, 1.0763628e-5, 1.0
p, 0, 0.111104235, 0.07193925, 1.0
, 1, 0.0028109998, 4.1803367e-5, 1.0
c, 0, 0.055552877, 0.018599553, 1.0
, 1, 0.0014097001, 1.1390175e-5, 1.0
p, 0, 0.11105554, 0.07202515, 1.0
, 1, 0.0028137118, 4.321968e-5, 1.0
c, 0, 0.055518404, 0.018476283, 1.0
, 1, 0.0014027432, 1.087382e-5, 1.0
p, 0, 0.11095166, 0.07169234, 1.0
, 1, 0.0028095543, 4.190492e-5, 1.0
c, 0, 0.055472, 0.018350136, 1.0
, 1, 0.001408752, 1.1132646e-5, 1.0
p, 0, 0.110887036, 0.07177434, 1.0
, 1, 0.0028092675, 4.296712e-5, 1.0
c, 0, 0.055445127, 0.018373083, 1.0
, 1, 0.0014002528, 1.0738037e-5, 1.0
p, 0, 0.11082937, 0.07200745, 1.0
, 1, 0.0028053373, 4.2283806e-5, 1.0
c, 0, 0.05540508, 0.018088695, 1.0
, 1, 0.0014072433, 1.09390085e-5, 1.0
p, 0, 0.11073758, 0.0711767, 1.0
, 1, 0.0028075017, 4.2392505e-5, 1.0
c, 0, 0.05537183, 0.018357622, 1.0
, 1, 0.0013984274, 1.0760373e-5, 1.0
p, 0, 0.11069098, 0.07190208, 1.0
, 1, 0.0027984194, 4.2163614e-5, 1.0
c, 0, 0.055334494, 0.018100299, 1.0
, 1, 0.0014032368, 1.0893917e-5, 1.0
p, 0, 0.110587284, 0.07076734, 1.0
, 1, 0.0027985536, 4.203598e-5, 1.0
c, 0, 0.05529079, 0.018328246, 1.0
, 1, 0.001394581, 1.0765956e-5, 1.0
p, 0, 0.11052648, 0.071506724, 1.0
, 1, 0.0027955621, 4.1572966e-5, 1.0
c, 0, 0.055265516, 0.018284034, 1.0
, 1, 0.0014047492, 1.1145355e-5, 1.0
p, 0, 0.11046983, 0.070675164, 1.0
, 1, 0.002806671, 4.230315e-5, 1.0
c, 0, 0.055225007, 0.018448636, 1.0
, 1, 0.0013963897, 1.0862297e-5, 1.0
p, 0, 0.110380314, 0.07117066, 1.0
, 1, 0.002785463, 4.1331376e-5, 1.0
c, 0, 0.055192895, 0.018189441, 1.0
, 1, 0.0013968255, 1.101857e-5, 1.0
p, 0, 0.11033627, 0.0708246, 1.0
, 1, 0.0027957857, 4.231685e-5, 1.0
c, 0, 0.055158414, 0.017927835, 1.0
, 1, 0.0013923794, 1.0511658e-5, 1.0
p, 0, 0.11023505, 0.07050614, 1.0
, 1, 0.0027785413, 4.0551848e-5, 1.0
c, 0, 0.055116057, 0.017960412, 1.0
, 1, 0.0013956409, 1.0837012e-5, 1.0
p, 0, 0.110184714, 0.070472546, 1.0
, 1, 0.002793409, 4.228361e-5, 1.0
c, 0, 0.055091284, 0.018062841, 1.0
, 1, 0.0013888143, 1.0449816e-5, 1.0
p, 0, 0.11011092, 0.070920385, 1.0
, 1, 0.0027724132, 4.049637e-5, 1.0
c, 0, 0.05504945, 0.018315092, 1.0
, 1, 0.0013933685, 1.1216248e-5, 1.0
p, 0, 0.110052764, 0.071438074, 1.0
, 1, 0.0027862377, 4.3132623e-5, 1.0
c, 0, 0.055025645, 0.01811768, 1.0
, 1, 0.0013872851, 1.045801e-5, 1.0
p, 0, 0.10997243, 0.07019187, 1.0
, 1, 0.002774585, 4.0389798e-5, 1.0
c, 0, 0.054980956, 0.01789776, 1.0
, 1, 0.0013922285, 1.0765104e-5, 1.0
p, 0, 0.1099161, 0.07030427, 1.0
, 1, 0.002778463, 4.1983796e-5, 1.0
c, 0, 0.054955117, 0.01807533, 1.0
, 1, 0.001382662, 1.0414187e-5, 1.0
p, 0, 0.10983424, 0.07070568, 1.0
, 1, 0.0027695782, 4.0483883e-5, 1.0
c, 0, 0.054914415, 0.018105987, 1.0
, 1, 0.0013920255, 1.1015513e-5, 1.0
p, 0, 0.10978854, 0.070419796, 1.0
, 1, 0.0027779005, 4.2222575e-5, 1.0
c, 0, 0.054889694, 0.01790295, 1.0
, 1, 0.0013834853, 1.0446032e-5, 1.0
p, 0, 0.10969931, 0.07016579, 1.0
, 1, 0.002769433, 4.0692805e-5, 1.0
c, 0, 0.05484955, 0.017765598, 1.0
, 1, 0.0013886672, 1.065444e-5, 1.0
p, 0, 0.10965395, 0.06989688, 1.0
, 1, 0.0027686134, 4.170926e-5, 1.0
c, 0, 0.05481711, 0.017900608, 1.0
, 1, 0.0013767797, 1.0199823e-5, 1.0
p, 0, 0.10955414, 0.07072633, 1.0
, 1, 0.0027594492, 4.0439914e-5, 1.0
c, 0, 0.054775663, 0.017812805, 1.0
, 1, 0.0013904907, 1.0994503e-5, 1.0
p, 0, 0.109511994, 0.069682635, 1.0
, 1, 0.00278081, 4.210349e-5, 1.0
c, 0, 0.05475582, 0.017745456, 1.0
, 1, 0.0013832022, 1.0419681e-5, 1.0
p, 0, 0.10943719, 0.06931481, 1.0
, 1, 0.00275651, 4.0071147e-5, 1.0
c, 0, 0.054712705, 0.017723301, 1.0
, 1, 0.0013790857, 1.04879055e-5, 1.0
p, 0, 0.10938119, 0.069751576, 1.0
, 1, 0.0027616806, 4.099164e-5, 1.0
c, 0, 0.0546887, 0.017610185, 1.0
, 1, 0.0013808273, 1.0407349e-5, 1.0
p, 0, 0.10929947, 0.069113515, 1.0
, 1, 0.002754122, 4.025687e-5, 1.0
c, 0, 0.054645985, 0.017943325, 1.0
, 1, 0.0013756026, 1.0544819e-5, 1.0
p, 0, 0.109250806, 0.0698887, 1.0
, 1, 0.002755165, 4.0787196e-5, 1.0
c, 0, 0.054620475, 0.01752931, 1.0
, 1, 0.001381088, 1.039172e-5, 1.0
p, 0, 0.10916698, 0.06889198, 1.0
, 1, 0.0027542002, 4.06042e-5, 1.0
c, 0, 0.054584518, 0.018045865, 1.0
, 1, 0.0013698116, 1.050047e-5, 1.0
p, 0, 0.109129235, 0.071084015, 1.0
, 1, 0.002744399, 4.0933926e-5, 1.0
c, 0, 0.054555625, 0.01746966, 1.0
, 1, 0.0013810899, 1.0505466e-5, 1.0
p, 0, 0.109031186, 0.06840691, 1.0
, 1, 0.0027564503, 4.0640847e-5, 1.0
c, 0, 0.054515496, 0.01784877, 1.0
, 1, 0.001372166, 1.0349706e-5, 1.0
p, 0, 0.10899016, 0.06963112, 1.0
, 1, 0.0027465597, 4.0380608e-5, 1.0
c, 0, 0.054491356, 0.01748784, 1.0
, 1, 0.0013771988, 1.0569243e-5, 1.0
p, 0, 0.10890834, 0.068783775, 1.0
, 1, 0.0027457587, 4.0542534e-5, 1.0
c, 0, 0.054452084, 0.018119045, 1.0
, 1, 0.0013648476, 1.0321335e-5, 1.0
p, 0, 0.10886809, 0.07145921, 1.0
, 1, 0.0027354434, 4.0877723e-5, 1.0
c, 0, 0.05442834, 0.017206214, 1.0
, 1, 0.0013786219, 1.03532275e-5, 1.0
p, 0, 0.108778976, 0.06820435, 1.0
, 1, 0.0027548708, 4.0580613e-5, 1.0
c, 0, 0.054391354, 0.017627738, 1.0
, 1, 0.0013700742, 1.0213681e-5, 1.0
p, 0, 0.1087419, 0.06910543, 1.0
, 1, 0.002735138, 3.9975126e-5, 1.0
c, 0, 0.05435954, 0.01747321, 1.0
, 1, 0.0013702195, 1.0403739e-5, 1.0
p, 0, 0.10864047, 0.06799208, 1.0
, 1, 0.00273899, 3.9754093e-5, 1.0
c, 0, 0.0543191, 0.017783003, 1.0
, 1, 0.0013654102, 1.0319528e-5, 1.0
p, 0, 0.10860367, 0.06999077, 1.0
, 1, 0.0027288385, 4.0307128e-5, 1.0
c, 0, 0.054304264, 0.017290935, 1.0
, 1, 0.0013704766, 1.0285216e-5, 1.0
p, 0, 0.10853657, 0.06792925, 1.0
, 1, 0.002739258, 4.0095525e-5, 1.0
c, 0, 0.0542598, 0.017906537, 1.0
, 1, 0.0013601445, 1.0254069e-5, 1.0
p, 0, 0.10847979, 0.07072356, 1.0
, 1, 0.0027186275, 4.0052488e-5, 1.0
c, 0, 0.054241188, 0.01744453, 1.0
, 1, 0.001368437, 1.0405319e-5, 1.0
p, 0, 0.10840978, 0.06815481, 1.0
, 1, 0.002731558, 4.0194085e-5, 1.0
c, 0, 0.054197833, 0.017893288, 1.0
, 1, 0.001359826, 1.0359174e-5, 1.0
p, 0, 0.1083596, 0.0699324, 1.0
, 1, 0.0027272664, 4.030769e-5, 1.0
c, 0, 0.054179974, 0.017255142, 1.0
, 1, 0.0013706647, 1.0344577e-5, 1.0
p, 0, 0.1082838, 0.067694046, 1.0
, 1, 0.0027340315, 3.9995724e-5, 1.0
c, 0, 0.05413671, 0.01775279, 1.0
, 1, 0.0013563018, 1.01437545e-5, 1.0
p, 0, 0.10823658, 0.07039792, 1.0
, 1, 0.002711825, 3.9811926e-5, 1.0
c, 0, 0.054115042, 0.017255437, 1.0
, 1, 0.0013648774, 1.0373404e-5, 1.0
p, 0, 0.10815624, 0.068061754, 1.0
, 1, 0.0027229935, 4.0110404e-5, 1.0
c, 0, 0.054076895, 0.017883265, 1.0
, 1, 0.0013551004, 1.0269563e-5, 1.0
p, 0, 0.10812054, 0.07020076, 1.0
, 1, 0.0027190521, 4.036783e-5, 1.0
c, 0, 0.05405342, 0.017080756, 1.0
, 1, 0.0013684742, 1.0181402e-5, 1.0
p, 0, 0.10803077, 0.06752593, 1.0
, 1, 0.0027327687, 4.002475e-5, 1.0
c, 0, 0.054018714, 0.017789047, 1.0
, 1, 0.0013543889, 1.0093112e-5, 1.0
p, 0, 0.10800248, 0.07014954, 1.0
, 1, 0.0027010515, 3.958979e-5, 1.0
c, 0, 0.05398871, 0.017046463, 1.0
, 1, 0.001360558, 1.0211786e-5, 1.0
p, 0, 0.10789731, 0.06738893, 1.0
, 1, 0.00272277, 4.013246e-5, 1.0
c, 0, 0.05394683, 0.017937383, 1.0
, 1, 0.0013512317, 1.0342681e-5, 1.0
p, 0, 0.1078597, 0.07024896, 1.0
, 1, 0.0026998185, 3.9620874e-5, 1.0
c, 0, 0.053936444, 0.017193764, 1.0
, 1, 0.0013591703, 1.0249964e-5, 1.0
p, 0, 0.10780898, 0.06737838, 1.0
, 1, 0.002713967, 3.9718518e-5, 1.0
c, 0, 0.053890146, 0.0176786, 1.0
, 1, 0.001348611, 1.0091658e-5, 1.0
p, 0, 0.10774238, 0.07014847, 1.0
, 1, 0.0027024746, 3.975727e-5, 1.0
c, 0, 0.053880394, 0.017128887, 1.0
, 1, 0.0013593398, 1.0203629e-5, 1.0
p, 0, 0.10769049, 0.06710714, 1.0
, 1, 0.002708763, 3.9324364e-5, 1.0
c, 0, 0.053828888, 0.017364943, 1.0
, 1, 0.0013460461, 9.8016835e-6, 1.0
p, 0, 0.10761663, 0.06929832, 1.0
, 1, 0.002700612, 3.9201248e-5, 1.0
c, 0, 0.053818412, 0.017058786, 1.0
, 1, 0.0013610218, 1.01914675e-5, 1.0
p, 0, 0.107578605, 0.06658482, 1.0
, 1, 0.0027184784, 3.9504845e-5, 1.0
c, 0, 0.053775124, 0.017430197, 1.0
, 1, 0.001347661, 9.92339e-6, 1.0
p, 0, 0.10749887, 0.068657756, 1.0
, 1, 0.0026880726, 3.8500162e-5, 1.0
c, 0, 0.0537576, 0.017127577, 1.0
, 1, 0.001353588, 1.0142465e-5, 1.0
p, 0, 0.10746545, 0.067039214, 1.0
, 1, 0.0027087405, 3.981382e-5, 1.0
c, 0, 0.053717867, 0.01728627, 1.0
, 1, 0.0013419669, 9.621112e-6, 1.0
p, 0, 0.10737137, 0.06884722, 1.0
, 1, 0.002679713, 3.808836e-5, 1.0
c, 0, 0.053689323, 0.017206164, 1.0
, 1, 0.0013513248, 1.0262163e-5, 1.0
p, 0, 0.10734666, 0.068422556, 1.0
, 1, 0.0026993454, 4.0569255e-5, 1.0
c, 0, 0.053669967, 0.017414983, 1.0
, 1, 0.0013424084, 9.862384e-6, 1.0
p, 0, 0.107266836, 0.06795796, 1.0
, 1, 0.0026914217, 3.8340488e-5, 1.0
c, 0, 0.053630576, 0.017226497, 1.0
, 1, 0.0013522021, 1.0253853e-5, 1.0
p, 0, 0.10723397, 0.06867322, 1.0
, 1, 0.0026922598, 4.0599753e-5, 1.0
c, 0, 0.053612843, 0.017443197, 1.0
, 1, 0.0013356283, 9.665525e-6, 1.0
p, 0, 0.10714626, 0.06958685, 1.0
, 1, 0.0026810952, 3.8580856e-5, 1.0
c, 0, 0.05357314, 0.01701613, 1.0
, 1, 0.0013565384, 1.0220564e-5, 1.0
p, 0, 0.107121624, 0.06730066, 1.0
, 1, 0.0027170293, 4.0458686e-5, 1.0
c, 0, 0.05355189, 0.016893528, 1.0
, 1, 0.0013458394, 9.728115e-6, 1.0
p, 0, 0.10702384, 0.06703249, 1.0
, 1, 0.0026708357, 3.771299e-5, 1.0
c, 0, 0.053513266, 0.01741911, 1.0
, 1, 0.0013390556, 1.0011816e-5, 1.0
p, 0, 0.10700225, 0.06833724, 1.0
, 1, 0.0026929863, 3.9609964e-5, 1.0
c, 0, 0.053497486, 0.016806427, 1.0
, 1, 0.001346061, 9.746384e-6, 1.0
p, 0, 0.10691969, 0.06664973, 1.0
, 1, 0.0026755668, 3.8050108e-5, 1.0
c, 0, 0.053458557, 0.017598484, 1.0
, 1, 0.0013341438, 9.953619e-6, 1.0
p, 0, 0.10689364, 0.06956654, 1.0
, 1, 0.002679754, 3.9459916e-5, 1.0
c, 0, 0.05344069, 0.016601134, 1.0
, 1, 0.001348678, 9.879091e-6, 1.0
p, 0, 0.106804885, 0.066348515, 1.0
, 1, 0.0026894026, 3.8932772e-5, 1.0
c, 0, 0.053406753, 0.017829318, 1.0
, 1, 0.0013320409, 9.902498e-6, 1.0
p, 0, 0.106788844, 0.07045127, 1.0
, 1, 0.0026632473, 3.9136426e-5, 1.0
c, 0, 0.053380944, 0.01677772, 1.0
, 1, 0.0013423208, 9.939642e-6, 1.0
p, 0, 0.106680326, 0.06594915, 1.0
, 1, 0.002677679, 3.8737584e-5, 1.0
c, 0, 0.053337693, 0.017460562, 1.0
, 1, 0.0013303496, 9.81066e-6, 1.0
p, 0, 0.1066475, 0.069169335, 1.0
, 1, 0.0026703402, 3.869389e-5, 1.0
c, 0, 0.053332612, 0.016564105, 1.0
, 1, 0.0013464335, 9.798608e-6, 1.0
p, 0, 0.10660397, 0.065334074, 1.0
, 1, 0.0026887357, 3.848023e-5, 1.0
c, 0, 0.053285174, 0.017455962, 1.0
, 1, 0.0013305154, 9.776005e-6, 1.0
p, 0, 0.10653441, 0.06964748, 1.0
, 1, 0.0026532598, 3.8276306e-5, 1.0
c, 0, 0.05327916, 0.01689389, 1.0
, 1, 0.0013382379, 9.980613e-6, 1.0
p, 0, 0.10649545, 0.06605922, 1.0
, 1, 0.0026778392, 3.8908016e-5, 1.0
c, 0, 0.053229816, 0.01763783, 1.0
, 1, 0.0013264008, 9.824647e-6, 1.0
p, 0, 0.1064258, 0.07026081, 1.0
, 1, 0.0026508346, 3.8590526e-5, 1.0
c, 0, 0.05322592, 0.016786506, 1.0
, 1, 0.0013368465, 9.872166e-6, 1.0
p, 0, 0.10638753, 0.06617272, 1.0
, 1, 0.0026679635, 3.871842e-5, 1.0
c, 0, 0.05317556, 0.017327568, 1.0
, 1, 0.0013246667, 9.660666e-6, 1.0
p, 0, 0.10631506, 0.06898186, 1.0
, 1, 0.0026578829, 3.8264487e-5, 1.0
c, 0, 0.053169906, 0.01663265, 1.0
, 1, 0.0013398882, 9.834204e-6, 1.0
